<?xml version="1.0" encoding="UTF-8"?>
<!-- Generated by org.testng.reporters.JUnitReportReporter -->
<testsuite hostname="DESKTOP-R708G3O" failures="0" tests="1" name="driverFactory.DriverScript" time="15.642" errors="0" timestamp="2023-08-28T17:03:10 IST" skipped="0">
  <testcase classname="driverFactory.DriverScript" name="startest" time="15.642">
    <system-out>
      <![CDATA[no of rows9
Login Passdashboard     http://orangehrm.qedgetech.com/symfony/web/index.php/dashboard
Login Faildashboard       http://orangehrm.qedgetech.com/symfony/web/index.php/auth/validateCredentials
Login Faildashboard       http://orangehrm.qedgetech.com/symfony/web/index.php/auth/validateCredentials
Login Faildashboard       http://orangehrm.qedgetech.com/symfony/web/index.php/auth/login
Login Passdashboard     http://orangehrm.qedgetech.com/symfony/web/index.php/dashboard
Login Faildashboard       http://orangehrm.qedgetech.com/symfony/web/index.php/auth/login
Login Passdashboard     http://orangehrm.qedgetech.com/symfony/web/index.php/dashboard
Login Faildashboard       http://orangehrm.qedgetech.com/symfony/web/index.php/auth/login
Login Faildashboard       http://orangehrm.qedgetech.com/symfony/web/index.php/auth/validateCredentials]]>
    </system-out>
  </testcase> <!-- startest -->
  <system-out>
    <![CDATA[no of rows9
Login Passdashboard     http://orangehrm.qedgetech.com/symfony/web/index.php/dashboard
Login Faildashboard       http://orangehrm.qedgetech.com/symfony/web/index.php/auth/validateCredentials
Login Faildashboard       http://orangehrm.qedgetech.com/symfony/web/index.php/auth/validateCredentials
Login Faildashboard       http://orangehrm.qedgetech.com/symfony/web/index.php/auth/login
Login Passdashboard     http://orangehrm.qedgetech.com/symfony/web/index.php/dashboard
Login Faildashboard       http://orangehrm.qedgetech.com/symfony/web/index.php/auth/login
Login Passdashboard     http://orangehrm.qedgetech.com/symfony/web/index.php/dashboard
Login Faildashboard       http://orangehrm.qedgetech.com/symfony/web/index.php/auth/login
Login Faildashboard       http://orangehrm.qedgetech.com/symfony/web/index.php/auth/validateCredentials]]>
  </system-out>
</testsuite> <!-- driverFactory.DriverScript -->
